# JRE version: Java(TM) SE Runtime Environment (8.0_161-b12) (build 1.8.0_161-b12)
# Java VM: Java HotSpot(TM) 64-Bit Server VM (25.161-b12 mixed mode windows-amd64 compressed oops)
Heap:
 PSYoungGen      total 112640K, used 10424K [0x00000000d6780000, 0x00000000de600000, 0x0000000100000000)
  eden space 96768K, 10% used [0x00000000d6780000,0x00000000d71ae098,0x00000000dc600000)
  from space 15872K, 0% used [0x00000000dd680000,0x00000000dd680000,0x00000000de600000)
  to   space 16384K, 0% used [0x00000000dc600000,0x00000000dc600000,0x00000000dd600000)
 ParOldGen       total 125440K, used 42586K [0x0000000083600000, 0x000000008b080000, 0x00000000d6780000)
  object space 125440K, 33% used [0x0000000083600000,0x0000000085f96ac8,0x000000008b080000)
 Metaspace       used 31727K, capacity 35492K, committed 35672K, reserved 1079296K
  class space    used 4554K, capacity 5171K, committed 5248K, reserved 1048576K
GC Heap History (10 events):
Event: 18.773 GC heap before
{Heap before GC invocations=8 (full 1):
 PSYoungGen      total 59904K, used 53824K [0x00000000d6780000, 0x00000000dba80000, 0x0000000100000000)
  eden space 45568K, 100% used [0x00000000d6780000,0x00000000d9400000,0x00000000d9400000)
  from space 14336K, 57% used [0x00000000da180000,0x00000000da990000,0x00000000daf80000)
  to   space 13824K, 0% used [0x00000000d9400000,0x00000000d9400000,0x00000000da180000)
 ParOldGen       total 79872K, used 29613K [0x0000000083600000, 0x0000000088400000, 0x00000000d6780000)
  object space 79872K, 37% used [0x0000000083600000,0x00000000852eb640,0x0000000088400000)
 Metaspace       used 30155K, capacity 33787K, committed 34048K, reserved 1079296K
  class space    used 4435K, capacity 5021K, committed 5120K, reserved 1048576K
Event: 18.789 GC heap after
Heap after GC invocations=8 (full 1):
 PSYoungGen      total 59392K, used 11536K [0x00000000d6780000, 0x00000000dc880000, 0x0000000100000000)
  eden space 45568K, 0% used [0x00000000d6780000,0x00000000d6780000,0x00000000d9400000)
  from space 13824K, 83% used [0x00000000d9400000,0x00000000d9f44010,0x00000000da180000)
  to   space 14336K, 0% used [0x00000000dba80000,0x00000000dba80000,0x00000000dc880000)
 ParOldGen       total 79872K, used 29621K [0x0000000083600000, 0x0000000088400000, 0x00000000d6780000)
  object space 79872K, 37% used [0x0000000083600000,0x00000000852ed640,0x0000000088400000)
 Metaspace       used 30155K, capacity 33787K, committed 34048K, reserved 1079296K
  class space    used 4435K, capacity 5021K, committed 5120K, reserved 1048576K
}
Event: 19.404 GC heap before
{Heap before GC invocations=9 (full 1):
 PSYoungGen      total 59392K, used 57104K [0x00000000d6780000, 0x00000000dc880000, 0x0000000100000000)
  eden space 45568K, 100% used [0x00000000d6780000,0x00000000d9400000,0x00000000d9400000)
  from space 13824K, 83% used [0x00000000d9400000,0x00000000d9f44010,0x00000000da180000)
  to   space 14336K, 0% used [0x00000000dba80000,0x00000000dba80000,0x00000000dc880000)
 ParOldGen       total 79872K, used 29621K [0x0000000083600000, 0x0000000088400000, 0x00000000d6780000)
  object space 79872K, 37% used [0x0000000083600000,0x00000000852ed640,0x0000000088400000)
 Metaspace       used 30753K, capacity 34378K, committed 34560K, reserved 1079296K
  class space    used 4452K, capacity 5054K, committed 5120K, reserved 1048576K
Event: 19.427 GC heap after
Heap after GC invocations=9 (full 1):
 PSYoungGen      total 82432K, used 14320K [0x00000000d6780000, 0x00000000dcf80000, 0x0000000100000000)
  eden space 68096K, 0% used [0x00000000d6780000,0x00000000d6780000,0x00000000daa00000)
  from space 14336K, 99% used [0x00000000dba80000,0x00000000dc87c140,0x00000000dc880000)
  to   space 16896K, 0% used [0x00000000daa00000,0x00000000daa00000,0x00000000dba80000)
 ParOldGen       total 79872K, used 32608K [0x0000000083600000, 0x0000000088400000, 0x00000000d6780000)
  object space 79872K, 40% used [0x0000000083600000,0x00000000855d83f0,0x0000000088400000)
 Metaspace       used 30753K, capacity 34378K, committed 34560K, reserved 1079296K
  class space    used 4452K, capacity 5054K, committed 5120K, reserved 1048576K
}
Event: 19.806 GC heap before
{Heap before GC invocations=10 (full 1):
 PSYoungGen      total 82432K, used 82416K [0x00000000d6780000, 0x00000000dcf80000, 0x0000000100000000)
  eden space 68096K, 100% used [0x00000000d6780000,0x00000000daa00000,0x00000000daa00000)
  from space 14336K, 99% used [0x00000000dba80000,0x00000000dc87c140,0x00000000dc880000)
  to   space 16896K, 0% used [0x00000000daa00000,0x00000000daa00000,0x00000000dba80000)
 ParOldGen       total 79872K, used 32608K [0x0000000083600000, 0x0000000088400000, 0x00000000d6780000)
  object space 79872K, 40% used [0x0000000083600000,0x00000000855d83f0,0x0000000088400000)
 Metaspace       used 30790K, capacity 34454K, committed 34560K, reserved 1079296K
  class space    used 4453K, capacity 5056K, committed 5120K, reserved 1048576K
Event: 19.850 GC heap after
Heap after GC invocations=10 (full 1):
 PSYoungGen      total 84992K, used 11200K [0x00000000d6780000, 0x00000000de680000, 0x0000000100000000)
  eden space 68096K, 0% used [0x00000000d6780000,0x00000000d6780000,0x00000000daa00000)
  from space 16896K, 66% used [0x00000000daa00000,0x00000000db4f0020,0x00000000dba80000)
  to   space 16384K, 0% used [0x00000000dd680000,0x00000000dd680000,0x00000000de680000)
 ParOldGen       total 79872K, used 36736K [0x0000000083600000, 0x0000000088400000, 0x00000000d6780000)
  object space 79872K, 45% used [0x0000000083600000,0x00000000859e03f0,0x0000000088400000)
 Metaspace       used 30790K, capacity 34454K, committed 34560K, reserved 1079296K
  class space    used 4453K, capacity 5056K, committed 5120K, reserved 1048576K
}
Event: 20.349 GC heap before
{Heap before GC invocations=11 (full 1):
 PSYoungGen      total 84992K, used 26098K [0x00000000d6780000, 0x00000000de680000, 0x0000000100000000)
  eden space 68096K, 21% used [0x00000000d6780000,0x00000000d760ca20,0x00000000daa00000)
  from space 16896K, 66% used [0x00000000daa00000,0x00000000db4f0020,0x00000000dba80000)
  to   space 16384K, 0% used [0x00000000dd680000,0x00000000dd680000,0x00000000de680000)
 ParOldGen       total 79872K, used 36736K [0x0000000083600000, 0x0000000088400000, 0x00000000d6780000)
  object space 79872K, 45% used [0x0000000083600000,0x00000000859e03f0,0x0000000088400000)
 Metaspace       used 31545K, capacity 35300K, committed 35416K, reserved 1079296K
  class space    used 4535K, capacity 5171K, committed 5248K, reserved 1048576K
Event: 20.363 GC heap after
Heap after GC invocations=11 (full 1):
 PSYoungGen      total 112640K, used 7568K [0x00000000d6780000, 0x00000000de600000, 0x0000000100000000)
  eden space 96768K, 0% used [0x00000000d6780000,0x00000000d6780000,0x00000000dc600000)
  from space 15872K, 47% used [0x00000000dd680000,0x00000000ddde4140,0x00000000de600000)
  to   space 16384K, 0% used [0x00000000dc600000,0x00000000dc600000,0x00000000dd600000)
 ParOldGen       total 79872K, used 41344K [0x0000000083600000, 0x0000000088400000, 0x00000000d6780000)
  object space 79872K, 51% used [0x0000000083600000,0x0000000085e603f0,0x0000000088400000)
 Metaspace       used 31545K, capacity 35300K, committed 35416K, reserved 1079296K
  class space    used 4535K, capacity 5171K, committed 5248K, reserved 1048576K
}
Event: 20.363 GC heap before
{Heap before GC invocations=12 (full 2):
 PSYoungGen      total 112640K, used 7568K [0x00000000d6780000, 0x00000000de600000, 0x0000000100000000)
  eden space 96768K, 0% used [0x00000000d6780000,0x00000000d6780000,0x00000000dc600000)
  from space 15872K, 47% used [0x00000000dd680000,0x00000000ddde4140,0x00000000de600000)
  to   space 16384K, 0% used [0x00000000dc600000,0x00000000dc600000,0x00000000dd600000)
 ParOldGen       total 79872K, used 41344K [0x0000000083600000, 0x0000000088400000, 0x00000000d6780000)
  object space 79872K, 51% used [0x0000000083600000,0x0000000085e603f0,0x0000000088400000)
 Metaspace       used 31545K, capacity 35300K, committed 35416K, reserved 1079296K
  class space    used 4535K, capacity 5171K, committed 5248K, reserved 1048576K
Event: 20.687 GC heap after
Heap after GC invocations=12 (full 2):
 PSYoungGen      total 112640K, used 0K [0x00000000d6780000, 0x00000000de600000, 0x0000000100000000)
  eden space 96768K, 0% used [0x00000000d6780000,0x00000000d6780000,0x00000000dc600000)
  from space 15872K, 0% used [0x00000000dd680000,0x00000000dd680000,0x00000000de600000)
  to   space 16384K, 0% used [0x00000000dc600000,0x00000000dc600000,0x00000000dd600000)
 ParOldGen       total 125440K, used 42586K [0x0000000083600000, 0x000000008b080000, 0x00000000d6780000)
  object space 125440K, 33% used [0x0000000083600000,0x0000000085f96ac8,0x000000008b080000)
 Metaspace       used 31545K, capacity 35300K, committed 35416K, reserved 1079296K
  class space    used 4535K, capacity 5171K, committed 5248K, reserved 1048576K
}

