# JRE version: Java(TM) SE Runtime Environment (8.0_161-b12) (build 1.8.0_161-b12)
# Java VM: Java HotSpot(TM) 64-Bit Server VM (25.161-b12 mixed mode windows-amd64 compressed oops)
Heap:
 PSYoungGen      total 1347072K, used 1149686K [0x000000076af00000, 0x00000007c0000000, 0x00000007c0000000)
  eden space 1320960K, 85% used [0x000000076af00000,0x00000007af895b60,0x00000007bb900000)
  from space 26112K, 98% used [0x00000007bb900000,0x00000007bd228010,0x00000007bd280000)
  to   space 37888K, 0% used [0x00000007bdb00000,0x00000007bdb00000,0x00000007c0000000)
 ParOldGen       total 192512K, used 178440K [0x00000006c0c00000, 0x00000006cc800000, 0x000000076af00000)
  object space 192512K, 92% used [0x00000006c0c00000,0x00000006cba42150,0x00000006cc800000)
 Metaspace       used 39478K, capacity 44305K, committed 44504K, reserved 1087488K
  class space    used 5399K, capacity 6130K, committed 6144K, reserved 1048576K
GC Heap History (10 events):
Event: 313.966 GC heap before
{Heap before GC invocations=89 (full 2):
 PSYoungGen      total 1354240K, used 1322200K [0x000000076af00000, 0x00000007bff00000, 0x00000007c0000000)
  eden space 1318912K, 100% used [0x000000076af00000,0x00000007bb700000,0x00000007bb700000)
  from space 35328K, 9% used [0x00000007bda00000,0x00000007bdd360b8,0x00000007bfc80000)
  to   space 35840K, 0% used [0x00000007bb700000,0x00000007bb700000,0x00000007bda00000)
 ParOldGen       total 192512K, used 177281K [0x00000006c0c00000, 0x00000006cc800000, 0x000000076af00000)
  object space 192512K, 92% used [0x00000006c0c00000,0x00000006cb920540,0x00000006cc800000)
 Metaspace       used 39397K, capacity 44227K, committed 44504K, reserved 1087488K
  class space    used 5391K, capacity 6091K, committed 6144K, reserved 1048576K
Event: 313.998 GC heap after
Heap after GC invocations=89 (full 2):
 PSYoungGen      total 1354752K, used 12504K [0x000000076af00000, 0x00000007bfe80000, 0x00000007c0000000)
  eden space 1318912K, 0% used [0x000000076af00000,0x000000076af00000,0x00000007bb700000)
  from space 35840K, 34% used [0x00000007bb700000,0x00000007bc3360b8,0x00000007bda00000)
  to   space 34816K, 0% used [0x00000007bdc80000,0x00000007bdc80000,0x00000007bfe80000)
 ParOldGen       total 192512K, used 177289K [0x00000006c0c00000, 0x00000006cc800000, 0x000000076af00000)
  object space 192512K, 92% used [0x00000006c0c00000,0x00000006cb922540,0x00000006cc800000)
 Metaspace       used 39397K, capacity 44227K, committed 44504K, reserved 1087488K
  class space    used 5391K, capacity 6091K, committed 6144K, reserved 1048576K
}
Event: 317.020 GC heap before
{Heap before GC invocations=90 (full 2):
 PSYoungGen      total 1354752K, used 1331416K [0x000000076af00000, 0x00000007bfe80000, 0x00000007c0000000)
  eden space 1318912K, 100% used [0x000000076af00000,0x00000007bb700000,0x00000007bb700000)
  from space 35840K, 34% used [0x00000007bb700000,0x00000007bc3360b8,0x00000007bda00000)
  to   space 34816K, 0% used [0x00000007bdc80000,0x00000007bdc80000,0x00000007bfe80000)
 ParOldGen       total 192512K, used 177289K [0x00000006c0c00000, 0x00000006cc800000, 0x000000076af00000)
  object space 192512K, 92% used [0x00000006c0c00000,0x00000006cb922540,0x00000006cc800000)
 Metaspace       used 39397K, capacity 44227K, committed 44504K, reserved 1087488K
  class space    used 5391K, capacity 6091K, committed 6144K, reserved 1048576K
Event: 317.081 GC heap after
Heap after GC invocations=90 (full 2):
 PSYoungGen      total 1356288K, used 24088K [0x000000076af00000, 0x00000007c0000000, 0x00000007c0000000)
  eden space 1321472K, 0% used [0x000000076af00000,0x000000076af00000,0x00000007bb980000)
  from space 34816K, 69% used [0x00000007bdc80000,0x00000007bf4060b8,0x00000007bfe80000)
  to   space 35840K, 0% used [0x00000007bb980000,0x00000007bb980000,0x00000007bdc80000)
 ParOldGen       total 192512K, used 177297K [0x00000006c0c00000, 0x00000006cc800000, 0x000000076af00000)
  object space 192512K, 92% used [0x00000006c0c00000,0x00000006cb924540,0x00000006cc800000)
 Metaspace       used 39397K, capacity 44227K, committed 44504K, reserved 1087488K
  class space    used 5391K, capacity 6091K, committed 6144K, reserved 1048576K
}
Event: 320.226 GC heap before
{Heap before GC invocations=91 (full 2):
 PSYoungGen      total 1356288K, used 1345560K [0x000000076af00000, 0x00000007c0000000, 0x00000007c0000000)
  eden space 1321472K, 100% used [0x000000076af00000,0x00000007bb980000,0x00000007bb980000)
  from space 34816K, 69% used [0x00000007bdc80000,0x00000007bf4060b8,0x00000007bfe80000)
  to   space 35840K, 0% used [0x00000007bb980000,0x00000007bb980000,0x00000007bdc80000)
 ParOldGen       total 192512K, used 177297K [0x00000006c0c00000, 0x00000006cc800000, 0x000000076af00000)
  object space 192512K, 92% used [0x00000006c0c00000,0x00000006cb924540,0x00000006cc800000)
 Metaspace       used 39398K, capacity 44231K, committed 44504K, reserved 1087488K
  class space    used 5391K, capacity 6091K, committed 6144K, reserved 1048576K
Event: 320.256 GC heap after
Heap after GC invocations=91 (full 2):
 PSYoungGen      total 1357312K, used 11640K [0x000000076af00000, 0x00000007bff00000, 0x00000007c0000000)
  eden space 1321472K, 0% used [0x000000076af00000,0x000000076af00000,0x00000007bb980000)
  from space 35840K, 32% used [0x00000007bb980000,0x00000007bc4de0b8,0x00000007bdc80000)
  to   space 34816K, 0% used [0x00000007bdd00000,0x00000007bdd00000,0x00000007bff00000)
 ParOldGen       total 192512K, used 177496K [0x00000006c0c00000, 0x00000006cc800000, 0x000000076af00000)
  object space 192512K, 92% used [0x00000006c0c00000,0x00000006cb956150,0x00000006cc800000)
 Metaspace       used 39398K, capacity 44231K, committed 44504K, reserved 1087488K
  class space    used 5391K, capacity 6091K, committed 6144K, reserved 1048576K
}
Event: 323.250 GC heap before
{Heap before GC invocations=92 (full 2):
 PSYoungGen      total 1357312K, used 1333112K [0x000000076af00000, 0x00000007bff00000, 0x00000007c0000000)
  eden space 1321472K, 100% used [0x000000076af00000,0x00000007bb980000,0x00000007bb980000)
  from space 35840K, 32% used [0x00000007bb980000,0x00000007bc4de0b8,0x00000007bdc80000)
  to   space 34816K, 0% used [0x00000007bdd00000,0x00000007bdd00000,0x00000007bff00000)
 ParOldGen       total 192512K, used 177496K [0x00000006c0c00000, 0x00000006cc800000, 0x000000076af00000)
  object space 192512K, 92% used [0x00000006c0c00000,0x00000006cb956150,0x00000006cc800000)
 Metaspace       used 39398K, capacity 44231K, committed 44504K, reserved 1087488K
  class space    used 5391K, capacity 6091K, committed 6144K, reserved 1048576K
Event: 323.310 GC heap after
Heap after GC invocations=92 (full 2):
 PSYoungGen      total 1355776K, used 25528K [0x000000076af00000, 0x00000007c0000000, 0x00000007c0000000)
  eden space 1320960K, 0% used [0x000000076af00000,0x000000076af00000,0x00000007bb900000)
  from space 34816K, 73% used [0x00000007bdd00000,0x00000007bf5ee0b8,0x00000007bff00000)
  to   space 36352K, 0% used [0x00000007bb900000,0x00000007bb900000,0x00000007bdc80000)
 ParOldGen       total 192512K, used 177496K [0x00000006c0c00000, 0x00000006cc800000, 0x000000076af00000)
  object space 192512K, 92% used [0x00000006c0c00000,0x00000006cb956150,0x00000006cc800000)
 Metaspace       used 39398K, capacity 44231K, committed 44504K, reserved 1087488K
  class space    used 5391K, capacity 6091K, committed 6144K, reserved 1048576K
}
Event: 326.278 GC heap before
{Heap before GC invocations=93 (full 2):
 PSYoungGen      total 1355776K, used 1346488K [0x000000076af00000, 0x00000007c0000000, 0x00000007c0000000)
  eden space 1320960K, 100% used [0x000000076af00000,0x00000007bb900000,0x00000007bb900000)
  from space 34816K, 73% used [0x00000007bdd00000,0x00000007bf5ee0b8,0x00000007bff00000)
  to   space 36352K, 0% used [0x00000007bb900000,0x00000007bb900000,0x00000007bdc80000)
 ParOldGen       total 192512K, used 177496K [0x00000006c0c00000, 0x00000006cc800000, 0x000000076af00000)
  object space 192512K, 92% used [0x00000006c0c00000,0x00000006cb956150,0x00000006cc800000)
 Metaspace       used 39401K, capacity 44231K, committed 44504K, reserved 1087488K
  class space    used 5391K, capacity 6091K, committed 6144K, reserved 1048576K
Event: 326.353 GC heap after
Heap after GC invocations=93 (full 2):
 PSYoungGen      total 1347072K, used 25760K [0x000000076af00000, 0x00000007c0000000, 0x00000007c0000000)
  eden space 1320960K, 0% used [0x000000076af00000,0x000000076af00000,0x00000007bb900000)
  from space 26112K, 98% used [0x00000007bb900000,0x00000007bd228010,0x00000007bd280000)
  to   space 37888K, 0% used [0x00000007bdb00000,0x00000007bdb00000,0x00000007c0000000)
 ParOldGen       total 192512K, used 178440K [0x00000006c0c00000, 0x00000006cc800000, 0x000000076af00000)
  object space 192512K, 92% used [0x00000006c0c00000,0x00000006cba42150,0x00000006cc800000)
 Metaspace       used 39401K, capacity 44231K, committed 44504K, reserved 1087488K
  class space    used 5391K, capacity 6091K, committed 6144K, reserved 1048576K
}

